0 info it worked if it ends with ok
1 verbose cli [ 'C:\\Program Files\\nodejs\\node.exe',
1 verbose cli   'C:\\Program Files\\nodejs\\node_modules\\npm\\bin\\npm-cli.js',
1 verbose cli   'i' ]
2 info using npm@3.10.8
3 info using node@v6.9.1
4 silly loadCurrentTree Starting
5 silly install loadCurrentTree
6 silly install readLocalPackageData
7 silly install normalizeTree
8 silly loadCurrentTree Finishing
9 silly loadIdealTree Starting
10 silly install loadIdealTree
11 silly cloneCurrentTree Starting
12 silly install cloneCurrentTreeToIdealTree
13 silly cloneCurrentTree Finishing
14 silly loadShrinkwrap Starting
15 silly install loadShrinkwrap
16 silly loadShrinkwrap Finishing
17 silly loadAllDepsIntoIdealTree Starting
18 silly install loadAllDepsIntoIdealTree
19 silly loadAllDepsIntoIdealTree Finishing
20 silly loadIdealTree Finishing
21 silly currentTree plywood@0.10.30
21 silly currentTree +-- abbrev@1.0.9
21 silly currentTree +-- acorn@4.0.11
21 silly currentTree +-- align-text@0.1.4
21 silly currentTree +-- amdefine@1.0.1
21 silly currentTree +-- ansi-regex@2.1.1
21 silly currentTree +-- ansi-styles@2.2.1
21 silly currentTree +-- ap@0.2.0
21 silly currentTree +-- argparse@1.0.9
21 silly currentTree +-- array-filter@0.0.1
21 silly currentTree +-- array-map@0.0.0
21 silly currentTree +-- array-reduce@0.0.0
21 silly currentTree +-- asn1.js@4.9.1
21 silly currentTree +-- asn1@0.2.3
21 silly currentTree +-- assert-plus@0.2.0
21 silly currentTree +-- assert@1.3.0
21 silly currentTree +-- assertion-error@1.0.2
21 silly currentTree +-- astw@2.2.0
21 silly currentTree +-- async@1.5.2
21 silly currentTree +-- aws-sign2@0.6.0
21 silly currentTree +-- aws4@1.6.0
21 silly currentTree +-- balanced-match@0.4.2
21 silly currentTree +-- base64-js@1.2.0
21 silly currentTree +-- bcrypt-pbkdf@1.0.1
21 silly currentTree +-- bignumber.js@2.1.4
21 silly currentTree +-- bl@1.0.3
21 silly currentTree | `-- readable-stream@2.0.6
21 silly currentTree +-- bn.js@4.11.6
21 silly currentTree +-- boom@2.10.1
21 silly currentTree +-- brace-expansion@1.1.7
21 silly currentTree +-- brorand@1.1.0
21 silly currentTree +-- browser-pack@6.0.2
21 silly currentTree +-- browser-resolve@1.11.2
21 silly currentTree | `-- resolve@1.1.7
21 silly currentTree +-- browserify-aes@1.0.6
21 silly currentTree +-- browserify-cipher@1.0.0
21 silly currentTree +-- browserify-des@1.0.0
21 silly currentTree +-- browserify-rsa@4.0.1
21 silly currentTree +-- browserify-sign@4.0.4
21 silly currentTree +-- browserify-zlib@0.1.4
21 silly currentTree +-- browserify@13.0.1
21 silly currentTree +-- buffer-shims@1.0.0
21 silly currentTree +-- buffer-writer@1.0.1
21 silly currentTree +-- buffer-xor@1.0.3
21 silly currentTree +-- buffer@4.9.1
21 silly currentTree +-- builtin-status-codes@3.0.0
21 silly currentTree +-- cached-path-relative@1.0.1
21 silly currentTree +-- camelcase@1.2.1
21 silly currentTree +-- caseless@0.11.0
21 silly currentTree +-- center-align@0.1.3
21 silly currentTree +-- chai@3.5.0
21 silly currentTree +-- chalk@1.1.3
21 silly currentTree | `-- supports-color@2.0.0
21 silly currentTree +-- chronoshift@0.4.5
21 silly currentTree | `-- immutable-class@0.4.3
21 silly currentTree +-- cipher-base@1.0.3
21 silly currentTree +-- cliui@2.1.0
21 silly currentTree | `-- wordwrap@0.0.2
21 silly currentTree +-- coffee-script@1.6.3
21 silly currentTree +-- colors@1.1.2
21 silly currentTree +-- combine-source-map@0.7.2
21 silly currentTree +-- combined-stream@1.0.5
21 silly currentTree +-- commander@2.3.0
21 silly currentTree +-- concat-map@0.0.1
21 silly currentTree +-- concat-stream@1.5.2
21 silly currentTree | `-- readable-stream@2.0.6
21 silly currentTree +-- console-browserify@1.1.0
21 silly currentTree +-- constants-browserify@1.0.0
21 silly currentTree +-- convert-source-map@1.1.3
21 silly currentTree +-- core-util-is@1.0.2
21 silly currentTree +-- create-ecdh@4.0.0
21 silly currentTree +-- create-hash@1.1.2
21 silly currentTree +-- create-hmac@1.1.4
21 silly currentTree +-- cryptiles@2.0.5
21 silly currentTree +-- crypto-browserify@3.11.0
21 silly currentTree +-- dashdash@1.14.1
21 silly currentTree | `-- assert-plus@1.0.0
21 silly currentTree +-- date-now@0.1.4
21 silly currentTree +-- debug@2.2.0
21 silly currentTree +-- decamelize@1.2.0
21 silly currentTree +-- deep-eql@0.1.3
21 silly currentTree | `-- type-detect@0.1.1
21 silly currentTree +-- deep-is@0.1.3
21 silly currentTree +-- defined@1.0.0
21 silly currentTree +-- delayed-stream@1.0.0
21 silly currentTree +-- deps-sort@2.0.0
21 silly currentTree +-- des.js@1.0.0
21 silly currentTree +-- detective@4.5.0
21 silly currentTree +-- diff@1.4.0
21 silly currentTree +-- diffie-hellman@5.0.2
21 silly currentTree +-- domain-browser@1.1.7
21 silly currentTree +-- duplexer2@0.1.4
21 silly currentTree +-- ecc-jsbn@0.1.1
21 silly currentTree +-- elliptic@6.4.0
21 silly currentTree +-- escape-string-regexp@1.0.2
21 silly currentTree +-- escodegen@1.8.1
21 silly currentTree | `-- source-map@0.2.0
21 silly currentTree +-- esprima@2.7.3
21 silly currentTree +-- estraverse@1.9.3
21 silly currentTree +-- esutils@2.0.2
21 silly currentTree +-- events@1.1.1
21 silly currentTree +-- evp_bytestokey@1.0.0
21 silly currentTree +-- extend@3.0.0
21 silly currentTree +-- extsprintf@1.0.2
21 silly currentTree +-- fast-levenshtein@2.0.6
21 silly currentTree +-- fileset@0.2.1
21 silly currentTree | `-- minimatch@2.0.10
21 silly currentTree +-- findup-sync@0.3.0
21 silly currentTree +-- forever-agent@0.6.1
21 silly currentTree +-- form-data@1.0.1
21 silly currentTree | `-- async@2.3.0
21 silly currentTree +-- fs.realpath@1.0.0
21 silly currentTree +-- function-bind@1.1.0
21 silly currentTree +-- generate-function@2.0.0
21 silly currentTree +-- generate-object-property@1.2.0
21 silly currentTree +-- generic-pool@2.1.1
21 silly currentTree +-- getpass@0.1.6
21 silly currentTree | `-- assert-plus@1.0.0
21 silly currentTree +-- glob@5.0.15
21 silly currentTree +-- graceful-readlink@1.0.1
21 silly currentTree +-- growl@1.9.2
21 silly currentTree +-- handlebars@4.0.6
21 silly currentTree | `-- source-map@0.4.4
21 silly currentTree +-- har-validator@2.0.6
21 silly currentTree | `-- commander@2.9.0
21 silly currentTree +-- has-ansi@2.0.0
21 silly currentTree +-- has-flag@1.0.0
21 silly currentTree +-- has@1.0.1
21 silly currentTree +-- hash.js@1.0.3
21 silly currentTree +-- hawk@3.1.3
21 silly currentTree +-- hmac-drbg@1.0.1
21 silly currentTree +-- hoek@2.16.3
21 silly currentTree +-- htmlescape@1.1.1
21 silly currentTree +-- http-signature@1.1.1
21 silly currentTree +-- https-browserify@0.0.1
21 silly currentTree +-- ieee754@1.1.8
21 silly currentTree +-- immutable-class@0.4.4
21 silly currentTree +-- indexof@0.0.1
21 silly currentTree +-- inflight@1.0.6
21 silly currentTree +-- inherits@2.0.3
21 silly currentTree +-- inline-source-map@0.6.2
21 silly currentTree +-- insert-module-globals@7.0.1
21 silly currentTree +-- is-buffer@1.1.5
21 silly currentTree +-- is-my-json-valid@2.16.0
21 silly currentTree +-- is-property@1.0.2
21 silly currentTree +-- is-typedarray@1.0.0
21 silly currentTree +-- isarray@1.0.0
21 silly currentTree +-- isexe@2.0.0
21 silly currentTree +-- isstream@0.1.2
21 silly currentTree +-- istanbul@0.4.3
21 silly currentTree | `-- resolve@1.1.7
21 silly currentTree +-- jade@0.26.3
21 silly currentTree | +-- commander@0.6.1
21 silly currentTree | `-- mkdirp@0.3.0
21 silly currentTree +-- jodid25519@1.0.2
21 silly currentTree +-- js-yaml@3.8.3
21 silly currentTree | `-- esprima@3.1.3
21 silly currentTree +-- jsbn@0.1.1
21 silly currentTree +-- json-schema@0.2.3
21 silly currentTree +-- json-stable-stringify@0.0.1
21 silly currentTree +-- json-stringify-safe@5.0.1
21 silly currentTree +-- jsonify@0.0.0
21 silly currentTree +-- jsonparse@1.3.0
21 silly currentTree +-- jsonpointer@4.0.1
21 silly currentTree +-- JSONStream@1.3.1
21 silly currentTree +-- jsprim@1.4.0
21 silly currentTree | `-- assert-plus@1.0.0
21 silly currentTree +-- kind-of@3.1.0
21 silly currentTree +-- labeled-stream-splicer@2.0.0
21 silly currentTree | `-- isarray@0.0.1
21 silly currentTree +-- lazy-cache@1.0.4
21 silly currentTree +-- levn@0.3.0
21 silly currentTree +-- lexical-scope@1.2.0
21 silly currentTree +-- line-reader@0.2.4
21 silly currentTree +-- lodash.memoize@3.0.4
21 silly currentTree +-- lodash@4.17.4
21 silly currentTree +-- longest@1.0.1
21 silly currentTree +-- lru-cache@2.7.3
21 silly currentTree +-- miller-rabin@4.0.0
21 silly currentTree +-- mime-db@1.27.0
21 silly currentTree +-- mime-types@2.1.15
21 silly currentTree +-- minimalistic-assert@1.0.0
21 silly currentTree +-- minimalistic-crypto-utils@1.0.1
21 silly currentTree +-- minimatch@3.0.3
21 silly currentTree +-- minimist@1.2.0
21 silly currentTree +-- mkdirp@0.5.1
21 silly currentTree | `-- minimist@0.0.8
21 silly currentTree +-- mocha@2.5.3
21 silly currentTree | +-- glob@3.2.11
21 silly currentTree | +-- minimatch@0.3.0
21 silly currentTree | `-- supports-color@1.2.0
21 silly currentTree +-- module-deps@4.1.1
21 silly currentTree +-- ms@0.7.1
21 silly currentTree +-- mysql@2.10.2
21 silly currentTree | +-- isarray@0.0.1
21 silly currentTree | `-- readable-stream@1.1.14
21 silly currentTree +-- node-uuid@1.4.8
21 silly currentTree +-- nopt@3.0.6
21 silly currentTree +-- oauth-sign@0.8.2
21 silly currentTree +-- once@1.4.0
21 silly currentTree +-- optimist@0.6.1
21 silly currentTree | +-- minimist@0.0.10
21 silly currentTree | `-- wordwrap@0.0.3
21 silly currentTree +-- optionator@0.8.2
21 silly currentTree +-- os-browserify@0.1.2
21 silly currentTree +-- packet-reader@0.2.0
21 silly currentTree +-- pako@0.2.9
21 silly currentTree +-- parents@1.0.1
21 silly currentTree +-- parse-asn1@5.1.0
21 silly currentTree +-- path-browserify@0.0.0
21 silly currentTree +-- path-is-absolute@1.0.1
21 silly currentTree +-- path-parse@1.0.5
21 silly currentTree +-- path-platform@0.11.15
21 silly currentTree +-- pbkdf2@3.0.9
21 silly currentTree +-- pegjs@0.9.0
21 silly currentTree +-- pg-connection-string@0.1.3
21 silly currentTree +-- pg-types@1.11.0
21 silly currentTree +-- pg@4.5.5
21 silly currentTree +-- pgpass@0.0.3
21 silly currentTree +-- pinkie-promise@2.0.1
21 silly currentTree +-- pinkie@2.0.4
21 silly currentTree +-- plywood-druid-requester@1.4.3
21 silly currentTree +-- plywood-mysql-requester@1.2.3
21 silly currentTree +-- plywood-postgres-requester@0.8.5
21 silly currentTree +-- postgres-array@1.0.2
21 silly currentTree +-- postgres-bytea@1.0.0
21 silly currentTree +-- postgres-date-utc@1.0.3
21 silly currentTree +-- postgres-date@1.0.3
21 silly currentTree +-- postgres-interval@1.0.2
21 silly currentTree +-- prelude-ls@1.1.2
21 silly currentTree +-- process-nextick-args@1.0.7
21 silly currentTree +-- process@0.11.9
21 silly currentTree +-- public-encrypt@4.0.0
21 silly currentTree +-- punycode@1.4.1
21 silly currentTree +-- q@1.4.1
21 silly currentTree +-- qs@6.0.4
21 silly currentTree +-- querystring-es3@0.2.1
21 silly currentTree +-- querystring@0.2.0
21 silly currentTree +-- randombytes@2.0.3
21 silly currentTree +-- read-only-stream@2.0.0
21 silly currentTree +-- readable-stream@2.2.9
21 silly currentTree | `-- string_decoder@1.0.0
21 silly currentTree +-- repeat-string@1.6.1
21 silly currentTree +-- request@2.69.0
21 silly currentTree +-- requirejs@2.0.6
21 silly currentTree +-- resolve@1.3.2
21 silly currentTree +-- right-align@0.1.3
21 silly currentTree +-- ripemd160@1.0.1
21 silly currentTree +-- semver@4.3.6
21 silly currentTree +-- sha.js@2.4.8
21 silly currentTree +-- shasum@1.0.2
21 silly currentTree +-- shell-quote@1.6.1
21 silly currentTree +-- should@1.1.1
21 silly currentTree +-- sigmund@1.0.1
21 silly currentTree +-- sntp@1.0.9
21 silly currentTree +-- source-map@0.5.6
21 silly currentTree +-- split@0.3.3
21 silly currentTree +-- sprintf-js@1.0.3
21 silly currentTree +-- sshpk@1.13.0
21 silly currentTree | `-- assert-plus@1.0.0
21 silly currentTree +-- stream-browserify@2.0.1
21 silly currentTree +-- stream-combiner2@1.1.1
21 silly currentTree +-- stream-http@2.7.0
21 silly currentTree +-- stream-splicer@2.0.0
21 silly currentTree +-- string_decoder@0.10.31
21 silly currentTree +-- stringstream@0.0.5
21 silly currentTree +-- strip-ansi@3.0.1
21 silly currentTree +-- strscan@1.0.1
21 silly currentTree +-- subarg@1.0.0
21 silly currentTree +-- supports-color@3.2.3
21 silly currentTree +-- syntax-error@1.3.0
21 silly currentTree +-- through@2.3.8
21 silly currentTree +-- through2@2.0.3
21 silly currentTree +-- timers-browserify@1.4.2
21 silly currentTree +-- to-arraybuffer@1.0.1
21 silly currentTree +-- to-iso-string@0.0.2
21 silly currentTree +-- tough-cookie@2.2.2
21 silly currentTree +-- tslint@3.10.2
21 silly currentTree | +-- diff@2.2.3
21 silly currentTree | `-- glob@7.1.1
21 silly currentTree +-- tty-browserify@0.0.0
21 silly currentTree +-- tunnel-agent@0.4.3
21 silly currentTree +-- tweetnacl@0.14.5
21 silly currentTree +-- type-check@0.3.2
21 silly currentTree +-- type-detect@1.0.0
21 silly currentTree +-- typedarray@0.0.6
21 silly currentTree +-- typescript@1.8.10
21 silly currentTree +-- uglify-js@2.8.22
21 silly currentTree +-- uglify-to-browserify@1.0.2
21 silly currentTree +-- umd@3.0.1
21 silly currentTree +-- underscore.string@3.3.4
21 silly currentTree +-- underscore@1.8.3
21 silly currentTree +-- url@0.11.0
21 silly currentTree | `-- punycode@1.3.2
21 silly currentTree +-- util-deprecate@1.0.2
21 silly currentTree +-- util@0.10.3
21 silly currentTree | `-- inherits@2.0.1
21 silly currentTree +-- verror@1.3.6
21 silly currentTree +-- vm-browserify@0.0.4
21 silly currentTree +-- walltime-js@0.1.2
21 silly currentTree | +-- commander@0.6.1
21 silly currentTree | +-- diff@1.0.2
21 silly currentTree | +-- growl@1.5.1
21 silly currentTree | +-- mocha@1.3.2
21 silly currentTree | `-- uglify-js@1.3.5
21 silly currentTree +-- which@1.2.14
21 silly currentTree +-- window-size@0.1.0
21 silly currentTree +-- wordwrap@1.0.0
21 silly currentTree +-- wrappy@1.0.2
21 silly currentTree +-- xtend@4.0.1
21 silly currentTree `-- yargs@3.10.0
22 silly idealTree plywood@0.10.30
22 silly idealTree +-- abbrev@1.0.9
22 silly idealTree +-- acorn@4.0.11
22 silly idealTree +-- align-text@0.1.4
22 silly idealTree +-- amdefine@1.0.1
22 silly idealTree +-- ansi-regex@2.1.1
22 silly idealTree +-- ansi-styles@2.2.1
22 silly idealTree +-- ap@0.2.0
22 silly idealTree +-- argparse@1.0.9
22 silly idealTree +-- array-filter@0.0.1
22 silly idealTree +-- array-map@0.0.0
22 silly idealTree +-- array-reduce@0.0.0
22 silly idealTree +-- asn1.js@4.9.1
22 silly idealTree +-- asn1@0.2.3
22 silly idealTree +-- assert-plus@0.2.0
22 silly idealTree +-- assert@1.3.0
22 silly idealTree +-- assertion-error@1.0.2
22 silly idealTree +-- astw@2.2.0
22 silly idealTree +-- async@1.5.2
22 silly idealTree +-- aws-sign2@0.6.0
22 silly idealTree +-- aws4@1.6.0
22 silly idealTree +-- balanced-match@0.4.2
22 silly idealTree +-- base64-js@1.2.0
22 silly idealTree +-- bcrypt-pbkdf@1.0.1
22 silly idealTree +-- bignumber.js@2.1.4
22 silly idealTree +-- bl@1.0.3
22 silly idealTree | `-- readable-stream@2.0.6
22 silly idealTree +-- bn.js@4.11.6
22 silly idealTree +-- boom@2.10.1
22 silly idealTree +-- brace-expansion@1.1.7
22 silly idealTree +-- brorand@1.1.0
22 silly idealTree +-- browser-pack@6.0.2
22 silly idealTree +-- browser-resolve@1.11.2
22 silly idealTree | `-- resolve@1.1.7
22 silly idealTree +-- browserify-aes@1.0.6
22 silly idealTree +-- browserify-cipher@1.0.0
22 silly idealTree +-- browserify-des@1.0.0
22 silly idealTree +-- browserify-rsa@4.0.1
22 silly idealTree +-- browserify-sign@4.0.4
22 silly idealTree +-- browserify-zlib@0.1.4
22 silly idealTree +-- browserify@13.0.1
22 silly idealTree +-- buffer-shims@1.0.0
22 silly idealTree +-- buffer-writer@1.0.1
22 silly idealTree +-- buffer-xor@1.0.3
22 silly idealTree +-- buffer@4.9.1
22 silly idealTree +-- builtin-status-codes@3.0.0
22 silly idealTree +-- cached-path-relative@1.0.1
22 silly idealTree +-- camelcase@1.2.1
22 silly idealTree +-- caseless@0.11.0
22 silly idealTree +-- center-align@0.1.3
22 silly idealTree +-- chai@3.5.0
22 silly idealTree +-- chalk@1.1.3
22 silly idealTree | `-- supports-color@2.0.0
22 silly idealTree +-- chronoshift@0.4.5
22 silly idealTree | `-- immutable-class@0.4.3
22 silly idealTree +-- cipher-base@1.0.3
22 silly idealTree +-- cliui@2.1.0
22 silly idealTree | `-- wordwrap@0.0.2
22 silly idealTree +-- coffee-script@1.6.3
22 silly idealTree +-- colors@1.1.2
22 silly idealTree +-- combine-source-map@0.7.2
22 silly idealTree +-- combined-stream@1.0.5
22 silly idealTree +-- commander@2.3.0
22 silly idealTree +-- concat-map@0.0.1
22 silly idealTree +-- concat-stream@1.5.2
22 silly idealTree | `-- readable-stream@2.0.6
22 silly idealTree +-- console-browserify@1.1.0
22 silly idealTree +-- constants-browserify@1.0.0
22 silly idealTree +-- convert-source-map@1.1.3
22 silly idealTree +-- core-util-is@1.0.2
22 silly idealTree +-- create-ecdh@4.0.0
22 silly idealTree +-- create-hash@1.1.2
22 silly idealTree +-- create-hmac@1.1.4
22 silly idealTree +-- cryptiles@2.0.5
22 silly idealTree +-- crypto-browserify@3.11.0
22 silly idealTree +-- dashdash@1.14.1
22 silly idealTree | `-- assert-plus@1.0.0
22 silly idealTree +-- date-now@0.1.4
22 silly idealTree +-- debug@2.2.0
22 silly idealTree +-- decamelize@1.2.0
22 silly idealTree +-- deep-eql@0.1.3
22 silly idealTree | `-- type-detect@0.1.1
22 silly idealTree +-- deep-is@0.1.3
22 silly idealTree +-- defined@1.0.0
22 silly idealTree +-- delayed-stream@1.0.0
22 silly idealTree +-- deps-sort@2.0.0
22 silly idealTree +-- des.js@1.0.0
22 silly idealTree +-- detective@4.5.0
22 silly idealTree +-- diff@1.4.0
22 silly idealTree +-- diffie-hellman@5.0.2
22 silly idealTree +-- domain-browser@1.1.7
22 silly idealTree +-- duplexer2@0.1.4
22 silly idealTree +-- ecc-jsbn@0.1.1
22 silly idealTree +-- elliptic@6.4.0
22 silly idealTree +-- escape-string-regexp@1.0.2
22 silly idealTree +-- escodegen@1.8.1
22 silly idealTree | `-- source-map@0.2.0
22 silly idealTree +-- esprima@2.7.3
22 silly idealTree +-- estraverse@1.9.3
22 silly idealTree +-- esutils@2.0.2
22 silly idealTree +-- events@1.1.1
22 silly idealTree +-- evp_bytestokey@1.0.0
22 silly idealTree +-- extend@3.0.0
22 silly idealTree +-- extsprintf@1.0.2
22 silly idealTree +-- fast-levenshtein@2.0.6
22 silly idealTree +-- fileset@0.2.1
22 silly idealTree | `-- minimatch@2.0.10
22 silly idealTree +-- findup-sync@0.3.0
22 silly idealTree +-- forever-agent@0.6.1
22 silly idealTree +-- form-data@1.0.1
22 silly idealTree | `-- async@2.3.0
22 silly idealTree +-- fs.realpath@1.0.0
22 silly idealTree +-- function-bind@1.1.0
22 silly idealTree +-- generate-function@2.0.0
22 silly idealTree +-- generate-object-property@1.2.0
22 silly idealTree +-- generic-pool@2.1.1
22 silly idealTree +-- getpass@0.1.6
22 silly idealTree | `-- assert-plus@1.0.0
22 silly idealTree +-- glob@5.0.15
22 silly idealTree +-- graceful-readlink@1.0.1
22 silly idealTree +-- growl@1.9.2
22 silly idealTree +-- handlebars@4.0.6
22 silly idealTree | `-- source-map@0.4.4
22 silly idealTree +-- har-validator@2.0.6
22 silly idealTree | `-- commander@2.9.0
22 silly idealTree +-- has-ansi@2.0.0
22 silly idealTree +-- has-flag@1.0.0
22 silly idealTree +-- has@1.0.1
22 silly idealTree +-- hash.js@1.0.3
22 silly idealTree +-- hawk@3.1.3
22 silly idealTree +-- hmac-drbg@1.0.1
22 silly idealTree +-- hoek@2.16.3
22 silly idealTree +-- htmlescape@1.1.1
22 silly idealTree +-- http-signature@1.1.1
22 silly idealTree +-- https-browserify@0.0.1
22 silly idealTree +-- ieee754@1.1.8
22 silly idealTree +-- immutable-class@0.4.4
22 silly idealTree +-- indexof@0.0.1
22 silly idealTree +-- inflight@1.0.6
22 silly idealTree +-- inherits@2.0.3
22 silly idealTree +-- inline-source-map@0.6.2
22 silly idealTree +-- insert-module-globals@7.0.1
22 silly idealTree +-- is-buffer@1.1.5
22 silly idealTree +-- is-my-json-valid@2.16.0
22 silly idealTree +-- is-property@1.0.2
22 silly idealTree +-- is-typedarray@1.0.0
22 silly idealTree +-- isarray@1.0.0
22 silly idealTree +-- isexe@2.0.0
22 silly idealTree +-- isstream@0.1.2
22 silly idealTree +-- istanbul@0.4.3
22 silly idealTree | `-- resolve@1.1.7
22 silly idealTree +-- jade@0.26.3
22 silly idealTree | +-- commander@0.6.1
22 silly idealTree | `-- mkdirp@0.3.0
22 silly idealTree +-- jodid25519@1.0.2
22 silly idealTree +-- js-yaml@3.8.3
22 silly idealTree | `-- esprima@3.1.3
22 silly idealTree +-- jsbn@0.1.1
22 silly idealTree +-- json-schema@0.2.3
22 silly idealTree +-- json-stable-stringify@0.0.1
22 silly idealTree +-- json-stringify-safe@5.0.1
22 silly idealTree +-- jsonify@0.0.0
22 silly idealTree +-- jsonparse@1.3.0
22 silly idealTree +-- jsonpointer@4.0.1
22 silly idealTree +-- JSONStream@1.3.1
22 silly idealTree +-- jsprim@1.4.0
22 silly idealTree | `-- assert-plus@1.0.0
22 silly idealTree +-- kind-of@3.1.0
22 silly idealTree +-- labeled-stream-splicer@2.0.0
22 silly idealTree | `-- isarray@0.0.1
22 silly idealTree +-- lazy-cache@1.0.4
22 silly idealTree +-- levn@0.3.0
22 silly idealTree +-- lexical-scope@1.2.0
22 silly idealTree +-- line-reader@0.2.4
22 silly idealTree +-- lodash.memoize@3.0.4
22 silly idealTree +-- lodash@4.17.4
22 silly idealTree +-- longest@1.0.1
22 silly idealTree +-- lru-cache@2.7.3
22 silly idealTree +-- miller-rabin@4.0.0
22 silly idealTree +-- mime-db@1.27.0
22 silly idealTree +-- mime-types@2.1.15
22 silly idealTree +-- minimalistic-assert@1.0.0
22 silly idealTree +-- minimalistic-crypto-utils@1.0.1
22 silly idealTree +-- minimatch@3.0.3
22 silly idealTree +-- minimist@1.2.0
22 silly idealTree +-- mkdirp@0.5.1
22 silly idealTree | `-- minimist@0.0.8
22 silly idealTree +-- mocha@2.5.3
22 silly idealTree | +-- glob@3.2.11
22 silly idealTree | +-- minimatch@0.3.0
22 silly idealTree | `-- supports-color@1.2.0
22 silly idealTree +-- module-deps@4.1.1
22 silly idealTree +-- ms@0.7.1
22 silly idealTree +-- mysql@2.10.2
22 silly idealTree | +-- isarray@0.0.1
22 silly idealTree | `-- readable-stream@1.1.14
22 silly idealTree +-- node-uuid@1.4.8
22 silly idealTree +-- nopt@3.0.6
22 silly idealTree +-- oauth-sign@0.8.2
22 silly idealTree +-- once@1.4.0
22 silly idealTree +-- optimist@0.6.1
22 silly idealTree | +-- minimist@0.0.10
22 silly idealTree | `-- wordwrap@0.0.3
22 silly idealTree +-- optionator@0.8.2
22 silly idealTree +-- os-browserify@0.1.2
22 silly idealTree +-- packet-reader@0.2.0
22 silly idealTree +-- pako@0.2.9
22 silly idealTree +-- parents@1.0.1
22 silly idealTree +-- parse-asn1@5.1.0
22 silly idealTree +-- path-browserify@0.0.0
22 silly idealTree +-- path-is-absolute@1.0.1
22 silly idealTree +-- path-parse@1.0.5
22 silly idealTree +-- path-platform@0.11.15
22 silly idealTree +-- pbkdf2@3.0.9
22 silly idealTree +-- pegjs@0.9.0
22 silly idealTree +-- pg-connection-string@0.1.3
22 silly idealTree +-- pg-types@1.11.0
22 silly idealTree +-- pg@4.5.5
22 silly idealTree +-- pgpass@0.0.3
22 silly idealTree +-- pinkie-promise@2.0.1
22 silly idealTree +-- pinkie@2.0.4
22 silly idealTree +-- plywood-druid-requester@1.4.3
22 silly idealTree +-- plywood-mysql-requester@1.2.3
22 silly idealTree +-- plywood-postgres-requester@0.8.5
22 silly idealTree +-- postgres-array@1.0.2
22 silly idealTree +-- postgres-bytea@1.0.0
22 silly idealTree +-- postgres-date-utc@1.0.3
22 silly idealTree +-- postgres-date@1.0.3
22 silly idealTree +-- postgres-interval@1.0.2
22 silly idealTree +-- prelude-ls@1.1.2
22 silly idealTree +-- process-nextick-args@1.0.7
22 silly idealTree +-- process@0.11.9
22 silly idealTree +-- public-encrypt@4.0.0
22 silly idealTree +-- punycode@1.4.1
22 silly idealTree +-- q@1.4.1
22 silly idealTree +-- qs@6.0.4
22 silly idealTree +-- querystring-es3@0.2.1
22 silly idealTree +-- querystring@0.2.0
22 silly idealTree +-- randombytes@2.0.3
22 silly idealTree +-- read-only-stream@2.0.0
22 silly idealTree +-- readable-stream@2.2.9
22 silly idealTree | `-- string_decoder@1.0.0
22 silly idealTree +-- repeat-string@1.6.1
22 silly idealTree +-- request@2.69.0
22 silly idealTree +-- requirejs@2.0.6
22 silly idealTree +-- resolve@1.3.2
22 silly idealTree +-- right-align@0.1.3
22 silly idealTree +-- ripemd160@1.0.1
22 silly idealTree +-- semver@4.3.6
22 silly idealTree +-- sha.js@2.4.8
22 silly idealTree +-- shasum@1.0.2
22 silly idealTree +-- shell-quote@1.6.1
22 silly idealTree +-- should@1.1.1
22 silly idealTree +-- sigmund@1.0.1
22 silly idealTree +-- sntp@1.0.9
22 silly idealTree +-- source-map@0.5.6
22 silly idealTree +-- split@0.3.3
22 silly idealTree +-- sprintf-js@1.0.3
22 silly idealTree +-- sshpk@1.13.0
22 silly idealTree | `-- assert-plus@1.0.0
22 silly idealTree +-- stream-browserify@2.0.1
22 silly idealTree +-- stream-combiner2@1.1.1
22 silly idealTree +-- stream-http@2.7.0
22 silly idealTree +-- stream-splicer@2.0.0
22 silly idealTree +-- string_decoder@0.10.31
22 silly idealTree +-- stringstream@0.0.5
22 silly idealTree +-- strip-ansi@3.0.1
22 silly idealTree +-- strscan@1.0.1
22 silly idealTree +-- subarg@1.0.0
22 silly idealTree +-- supports-color@3.2.3
22 silly idealTree +-- syntax-error@1.3.0
22 silly idealTree +-- through@2.3.8
22 silly idealTree +-- through2@2.0.3
22 silly idealTree +-- timers-browserify@1.4.2
22 silly idealTree +-- to-arraybuffer@1.0.1
22 silly idealTree +-- to-iso-string@0.0.2
22 silly idealTree +-- tough-cookie@2.2.2
22 silly idealTree +-- tslint@3.10.2
22 silly idealTree | +-- diff@2.2.3
22 silly idealTree | `-- glob@7.1.1
22 silly idealTree +-- tty-browserify@0.0.0
22 silly idealTree +-- tunnel-agent@0.4.3
22 silly idealTree +-- tweetnacl@0.14.5
22 silly idealTree +-- type-check@0.3.2
22 silly idealTree +-- type-detect@1.0.0
22 silly idealTree +-- typedarray@0.0.6
22 silly idealTree +-- typescript@1.8.10
22 silly idealTree +-- uglify-js@2.8.22
22 silly idealTree +-- uglify-to-browserify@1.0.2
22 silly idealTree +-- umd@3.0.1
22 silly idealTree +-- underscore.string@3.3.4
22 silly idealTree +-- underscore@1.8.3
22 silly idealTree +-- url@0.11.0
22 silly idealTree | `-- punycode@1.3.2
22 silly idealTree +-- util-deprecate@1.0.2
22 silly idealTree +-- util@0.10.3
22 silly idealTree | `-- inherits@2.0.1
22 silly idealTree +-- verror@1.3.6
22 silly idealTree +-- vm-browserify@0.0.4
22 silly idealTree +-- walltime-js@0.1.2
22 silly idealTree | +-- commander@0.6.1
22 silly idealTree | +-- diff@1.0.2
22 silly idealTree | +-- growl@1.5.1
22 silly idealTree | +-- mocha@1.3.2
22 silly idealTree | `-- uglify-js@1.3.5
22 silly idealTree +-- which@1.2.14
22 silly idealTree +-- window-size@0.1.0
22 silly idealTree +-- wordwrap@1.0.0
22 silly idealTree +-- wrappy@1.0.2
22 silly idealTree +-- xtend@4.0.1
22 silly idealTree `-- yargs@3.10.0
23 silly generateActionsToTake Starting
24 silly install generateActionsToTake
25 silly generateActionsToTake Finishing
26 silly diffTrees action count 0
27 silly decomposeActions action count 0
28 silly runTopLevelLifecycles Starting
29 silly install runPreinstallTopLevelLifecycles
30 silly preinstall plywood@0.10.30 D:\Projects\GitHub\plywood\plywood-0a5511ab
31 info lifecycle plywood@0.10.30~preinstall: plywood@0.10.30
32 silly lifecycle plywood@0.10.30~preinstall: no script for preinstall, continuing
33 silly executeActions Starting
34 silly install executeActions
35 silly doSerial global-install 0
36 silly doParallel fetch 0
37 verbose correctMkdir C:\Users\Work-PC\AppData\Roaming\npm-cache\_locks correctMkdir not in flight; initializing
38 verbose lock using C:\Users\Work-PC\AppData\Roaming\npm-cache\_locks\staging-af88120662e2c50f.lock for D:\Projects\GitHub\plywood\node_modules\.staging
39 silly doParallel extract 0
40 silly doParallel preinstall 0
41 silly doReverseSerial remove 0
42 silly doSerial move 0
43 silly doSerial finalize 0
44 silly doSerial build 0
45 silly doSerial global-link 0
46 silly doParallel update-linked 0
47 silly doSerial install 0
48 silly doSerial postinstall 0
49 verbose unlock done using C:\Users\Work-PC\AppData\Roaming\npm-cache\_locks\staging-af88120662e2c50f.lock for D:\Projects\GitHub\plywood\node_modules\.staging
50 silly executeActions Finishing
51 silly rollbackFailedOptional Starting
52 silly rollbackFailedOptional Finishing
53 silly install runPostinstallTopLevelLifecycles
54 silly build plywood@0.10.30
55 info linkStuff plywood@0.10.30
56 silly linkStuff plywood@0.10.30 has D:\Projects\GitHub as its parent node_modules
57 verbose linkBins plywood@0.10.30
58 verbose linkMans plywood@0.10.30
59 silly install plywood@0.10.30 D:\Projects\GitHub\plywood\plywood-0a5511ab
60 info lifecycle plywood@0.10.30~install: plywood@0.10.30
61 silly lifecycle plywood@0.10.30~install: no script for install, continuing
62 silly postinstall plywood@0.10.30 D:\Projects\GitHub\plywood\plywood-0a5511ab
63 info lifecycle plywood@0.10.30~postinstall: plywood@0.10.30
64 silly lifecycle plywood@0.10.30~postinstall: no script for postinstall, continuing
65 silly prepublish plywood@0.10.30 D:\Projects\GitHub\plywood\plywood-0a5511ab
66 info lifecycle plywood@0.10.30~prepublish: plywood@0.10.30
67 verbose lifecycle plywood@0.10.30~prepublish: unsafe-perm in lifecycle true
68 verbose lifecycle plywood@0.10.30~prepublish: PATH: C:\Program Files\nodejs\node_modules\npm\bin\node-gyp-bin;D:\Projects\GitHub\plywood\node_modules\.bin;C:\Users\Work-PC\bin;C:\Program Files\Git\mingw64\bin;C:\Program Files\Git\usr\local\bin;C:\Program Files\Git\usr\bin;C:\Program Files\Git\usr\bin;C:\Program Files\Git\mingw64\bin;C:\Program Files\Git\usr\bin;C:\Users\Work-PC\bin;C:\ProgramData\Oracle\Java\javapath;C:\Python27;C:\Program Files\Python35;C:\Program Files (x86)\Intel\iCLS Client;C:\Program Files\Intel\iCLS Client;C:\Windows\system32;C:\Windows;C:\Windows\System32\Wbem;C:\Windows\System32\WindowsPowerShell\v1.0;C:\Program Files (x86)\NVIDIA Corporation\PhysX\Common;C:\Program Files\Intel\Intel(R) Management Engine Components\DAL;C:\Program Files\Intel\Intel(R) Management Engine Components\IPT;C:\Program Files (x86)\Intel\Intel(R) Management Engine Components\DAL;C:\Program Files (x86)\Intel\Intel(R) Management Engine Components\IPT;C:\Program Files (x86)\Skype\Phone;C:\Program Files\Git\cmd;C:\Program Files (x86)\GitExtensions;C:\Program Files (x86)\Windows Kits\8.1\Windows Performance Toolkit;C:\Program Files\nodejs;C:\Program Files\Vertica Systems\bin;C:\Ruby23\bin;C:\Users\Work-PC\AppData\Roaming\npm;C:\Program Files\Git\usr\bin\vendor_perl;C:\Program Files\Git\usr\bin\core_perl
69 verbose lifecycle plywood@0.10.30~prepublish: CWD: D:\Projects\GitHub\plywood
70 silly lifecycle plywood@0.10.30~prepublish: Args: [ '/d /s /c', './prepublish' ]
71 silly lifecycle plywood@0.10.30~prepublish: Returned: code: 1  signal: null
72 info lifecycle plywood@0.10.30~prepublish: Failed to exec prepublish script
73 verbose stack Error: plywood@0.10.30 prepublish: `./prepublish`
73 verbose stack Exit status 1
73 verbose stack     at EventEmitter.<anonymous> (C:\Program Files\nodejs\node_modules\npm\lib\utils\lifecycle.js:255:16)
73 verbose stack     at emitTwo (events.js:106:13)
73 verbose stack     at EventEmitter.emit (events.js:191:7)
73 verbose stack     at ChildProcess.<anonymous> (C:\Program Files\nodejs\node_modules\npm\lib\utils\spawn.js:40:14)
73 verbose stack     at emitTwo (events.js:106:13)
73 verbose stack     at ChildProcess.emit (events.js:191:7)
73 verbose stack     at maybeClose (internal/child_process.js:877:16)
73 verbose stack     at Process.ChildProcess._handle.onexit (internal/child_process.js:226:5)
74 verbose pkgid plywood@0.10.30
75 verbose cwd D:\Projects\GitHub\plywood
76 error Windows_NT 6.1.7601
77 error argv "C:\\Program Files\\nodejs\\node.exe" "C:\\Program Files\\nodejs\\node_modules\\npm\\bin\\npm-cli.js" "i"
78 error node v6.9.1
79 error npm  v3.10.8
80 error code ELIFECYCLE
81 error plywood@0.10.30 prepublish: `./prepublish`
81 error Exit status 1
82 error Failed at the plywood@0.10.30 prepublish script './prepublish'.
82 error Make sure you have the latest version of node.js and npm installed.
82 error If you do, this is most likely a problem with the plywood package,
82 error not with npm itself.
82 error Tell the author that this fails on your system:
82 error     ./prepublish
82 error You can get information on how to open an issue for this project with:
82 error     npm bugs plywood
82 error Or if that isn't available, you can get their info via:
82 error     npm owner ls plywood
82 error There is likely additional logging output above.
83 verbose exit [ 1, true ]
